2018-05-02 00:01:51,334 耗时：16208 [日志来自：jnshu.controller.UserController          日志类型: DEBUG 日志内容：userQV.getUserCustom(): null]
2018-05-02 00:01:51,339 耗时：16213 [日志来自：jnshu.controller.UserController          日志类型: DEBUG 日志内容：userQV.getUser(): null]
2018-05-02 00:01:51,339 耗时：16213 [日志来自：jnshu.controller.UserController          日志类型: INFO  日志内容：LogInfo 测试]
2018-05-02 00:01:51,339 耗时：16213 [日志来自：jnshu.controller.UserController          日志类型: WARN  日志内容：Warn 测试]
2018-05-02 00:01:56,592 耗时：21466 [日志来自：jnshu.controller.UserController          日志类型: ERROR 日志内容：更新时间不能为空,Key/value格式为 2018-00-00 00:00:00,json为long类型的数字]
2018-05-02 00:01:56,592 耗时：21466 [日志来自：jnshu.controller.UserController          日志类型: ERROR 日志内容：请输入1到10个字符用户名称]
2018-05-02 00:01:56,592 耗时：21466 [日志来自：jnshu.controller.UserController          日志类型: ERROR 日志内容：修真类型不能为空]
2018-05-02 00:01:56,592 耗时：21466 [日志来自：jnshu.controller.UserController          日志类型: ERROR 日志内容：创建时间不能为空,Key/value格式为 2018-00-00 00:00:00,json为long类型的数字]
2018-05-02 00:01:56,592 耗时：21466 [日志来自：jnshu.controller.UserController          日志类型: ERROR 日志内容：入学时间不能为空,Key/value格式为 2018-00-00 00:00:00,json为long类型的数字]
2018-05-02 00:01:56,607 耗时：21481 [日志来自：jnshu.controller.UserController          日志类型: DEBUG 日志内容：userQV.getUserCustom(): null]
2018-05-02 00:01:56,607 耗时：21481 [日志来自：jnshu.controller.UserController          日志类型: DEBUG 日志内容：userQV.getUser(): null]
2018-05-02 00:01:56,607 耗时：21481 [日志来自：jnshu.controller.UserController          日志类型: INFO  日志内容：LogInfo 测试]
2018-05-02 00:01:56,607 耗时：21481 [日志来自：jnshu.controller.UserController          日志类型: WARN  日志内容：Warn 测试]
2018-05-02 00:02:03,045 耗时：27919 [日志来自：jnshu.controller.UserController          日志类型: DEBUG 日志内容：userQV.getUserCustom(): User{id=null, username='', qq='1756513254', profession='', join_date=null, school='', online_id='null', daily_url='', declaration='', counselor='', create_time=null, update_time=null}]
2018-05-02 00:02:03,046 耗时：27920 [日志来自：jnshu.controller.UserController          日志类型: DEBUG 日志内容：userQV.getUser(): null]
2018-05-02 00:02:03,046 耗时：27920 [日志来自：jnshu.controller.UserController          日志类型: INFO  日志内容：LogInfo 测试]
2018-05-02 00:02:03,046 耗时：27920 [日志来自：jnshu.controller.UserController          日志类型: WARN  日志内容：Warn 测试]
2018-05-02 00:02:15,620 耗时：40494 [日志来自：jnshu.controller.UserController          日志类型: DEBUG 日志内容：userQV.getUserCustom(): User{id=null, username='', qq='null', profession='', join_date=null, school='', online_id='3879', daily_url='', declaration='', counselor='', create_time=null, update_time=null}]
2018-05-02 00:02:15,620 耗时：40494 [日志来自：jnshu.controller.UserController          日志类型: DEBUG 日志内容：userQV.getUser(): null]
2018-05-02 00:02:15,620 耗时：40494 [日志来自：jnshu.controller.UserController          日志类型: INFO  日志内容：LogInfo 测试]
2018-05-02 00:02:15,620 耗时：40494 [日志来自：jnshu.controller.UserController          日志类型: WARN  日志内容：Warn 测试]
2018-05-02 00:12:26,888 耗时：26813 [日志来自：jnshu.controller.UserController          日志类型: DEBUG 日志内容：userQV.getUserCustom(): null]
2018-05-02 00:12:26,888 耗时：26813 [日志来自：jnshu.controller.UserController          日志类型: DEBUG 日志内容：userQV.getUser(): null]
2018-05-02 00:12:26,888 耗时：26813 [日志来自：jnshu.controller.UserController          日志类型: INFO  日志内容：LogInfo 测试]
2018-05-02 00:12:26,888 耗时：26813 [日志来自：jnshu.controller.UserController          日志类型: WARN  日志内容：Warn 测试]
2018-05-02 00:12:40,871 耗时：40796 [日志来自：jnshu.controller.UserController          日志类型: DEBUG 日志内容：userQV.getUserCustom(): null]
2018-05-02 00:12:40,873 耗时：40798 [日志来自：jnshu.controller.UserController          日志类型: DEBUG 日志内容：userQV.getUser(): null]
2018-05-02 00:12:40,873 耗时：40798 [日志来自：jnshu.controller.UserController          日志类型: INFO  日志内容：LogInfo 测试]
2018-05-02 00:12:40,873 耗时：40798 [日志来自：jnshu.controller.UserController          日志类型: WARN  日志内容：Warn 测试]
2018-05-02 00:12:51,530 耗时：51455 [日志来自：jnshu.controller.UserController          日志类型: DEBUG 日志内容：userQV.getUserCustom(): null]
2018-05-02 00:12:51,530 耗时：51455 [日志来自：jnshu.controller.UserController          日志类型: DEBUG 日志内容：userQV.getUser(): null]
2018-05-02 00:12:51,530 耗时：51455 [日志来自：jnshu.controller.UserController          日志类型: INFO  日志内容：LogInfo 测试]
2018-05-02 00:12:51,530 耗时：51455 [日志来自：jnshu.controller.UserController          日志类型: WARN  日志内容：Warn 测试]
2018-05-02 00:13:07,480 耗时：67405 [日志来自：jnshu.controller.UserController          日志类型: DEBUG 日志内容：userQV.getUserCustom(): null]
2018-05-02 00:13:07,480 耗时：67405 [日志来自：jnshu.controller.UserController          日志类型: DEBUG 日志内容：userQV.getUser(): null]
2018-05-02 00:13:07,480 耗时：67405 [日志来自：jnshu.controller.UserController          日志类型: INFO  日志内容：LogInfo 测试]
2018-05-02 00:13:07,480 耗时：67405 [日志来自：jnshu.controller.UserController          日志类型: WARN  日志内容：Warn 测试]
2018-05-02 00:13:22,313 耗时：82238 [日志来自：jnshu.controller.UserController          日志类型: DEBUG 日志内容：userQV.getUserCustom(): null]
2018-05-02 00:13:22,313 耗时：82238 [日志来自：jnshu.controller.UserController          日志类型: DEBUG 日志内容：userQV.getUser(): null]
2018-05-02 00:13:22,313 耗时：82238 [日志来自：jnshu.controller.UserController          日志类型: INFO  日志内容：LogInfo 测试]
2018-05-02 00:13:22,313 耗时：82238 [日志来自：jnshu.controller.UserController          日志类型: WARN  日志内容：Warn 测试]
2018-05-02 00:13:39,832 耗时：99757 [日志来自：jnshu.controller.UserController          日志类型: DEBUG 日志内容：userQV.getUserCustom(): null]
2018-05-02 00:13:39,833 耗时：99758 [日志来自：jnshu.controller.UserController          日志类型: DEBUG 日志内容：userQV.getUser(): null]
2018-05-02 00:13:39,833 耗时：99758 [日志来自：jnshu.controller.UserController          日志类型: INFO  日志内容：LogInfo 测试]
2018-05-02 00:13:39,833 耗时：99758 [日志来自：jnshu.controller.UserController          日志类型: WARN  日志内容：Warn 测试]
2018-05-02 00:13:59,484 耗时：119409 [日志来自：jnshu.controller.UserController          日志类型: DEBUG 日志内容：userQV.getUserCustom(): null]
2018-05-02 00:13:59,484 耗时：119409 [日志来自：jnshu.controller.UserController          日志类型: DEBUG 日志内容：userQV.getUser(): null]
2018-05-02 00:13:59,484 耗时：119409 [日志来自：jnshu.controller.UserController          日志类型: INFO  日志内容：LogInfo 测试]
2018-05-02 00:13:59,484 耗时：119409 [日志来自：jnshu.controller.UserController          日志类型: WARN  日志内容：Warn 测试]
2018-05-02 00:14:40,642 耗时：160567 [日志来自：jnshu.controller.UserController          日志类型: DEBUG 日志内容：userQV.getUserCustom(): null]
2018-05-02 00:14:40,642 耗时：160567 [日志来自：jnshu.controller.UserController          日志类型: DEBUG 日志内容：userQV.getUser(): null]
2018-05-02 00:14:40,642 耗时：160567 [日志来自：jnshu.controller.UserController          日志类型: INFO  日志内容：LogInfo 测试]
2018-05-02 00:14:40,642 耗时：160567 [日志来自：jnshu.controller.UserController          日志类型: WARN  日志内容：Warn 测试]
2018-05-02 00:14:50,559 耗时：170484 [日志来自：jnshu.controller.UserController          日志类型: DEBUG 日志内容：userQV.getUserCustom(): null]
2018-05-02 00:14:50,560 耗时：170485 [日志来自：jnshu.controller.UserController          日志类型: DEBUG 日志内容：userQV.getUser(): null]
2018-05-02 00:14:50,560 耗时：170485 [日志来自：jnshu.controller.UserController          日志类型: INFO  日志内容：LogInfo 测试]
2018-05-02 00:14:50,560 耗时：170485 [日志来自：jnshu.controller.UserController          日志类型: WARN  日志内容：Warn 测试]
2018-05-02 00:18:33,936 耗时：393861 [日志来自：jnshu.controller.UserController          日志类型: DEBUG 日志内容：userQV.getUserCustom(): null]
2018-05-02 00:18:33,936 耗时：393861 [日志来自：jnshu.controller.UserController          日志类型: DEBUG 日志内容：userQV.getUser(): null]
2018-05-02 00:18:33,936 耗时：393861 [日志来自：jnshu.controller.UserController          日志类型: INFO  日志内容：LogInfo 测试]
2018-05-02 00:18:33,936 耗时：393861 [日志来自：jnshu.controller.UserController          日志类型: WARN  日志内容：Warn 测试]
2018-05-02 00:19:17,344 耗时：437269 [日志来自：jnshu.controller.UserController          日志类型: DEBUG 日志内容：userQV.getUserCustom(): null]
2018-05-02 00:19:17,344 耗时：437269 [日志来自：jnshu.controller.UserController          日志类型: DEBUG 日志内容：userQV.getUser(): null]
2018-05-02 00:19:17,344 耗时：437269 [日志来自：jnshu.controller.UserController          日志类型: INFO  日志内容：LogInfo 测试]
2018-05-02 00:19:17,344 耗时：437269 [日志来自：jnshu.controller.UserController          日志类型: WARN  日志内容：Warn 测试]
2018-05-02 00:19:46,427 耗时：466352 [日志来自：jnshu.controller.UserController          日志类型: DEBUG 日志内容：userQV.getUserCustom(): null]
2018-05-02 00:19:46,427 耗时：466352 [日志来自：jnshu.controller.UserController          日志类型: DEBUG 日志内容：userQV.getUser(): null]
2018-05-02 00:19:46,427 耗时：466352 [日志来自：jnshu.controller.UserController          日志类型: INFO  日志内容：LogInfo 测试]
2018-05-02 00:19:46,427 耗时：466352 [日志来自：jnshu.controller.UserController          日志类型: WARN  日志内容：Warn 测试]
2018-05-02 00:20:32,571 耗时：512496 [日志来自：jnshu.controller.UserController          日志类型: DEBUG 日志内容：userQV.getUserCustom(): null]
2018-05-02 00:20:32,571 耗时：512496 [日志来自：jnshu.controller.UserController          日志类型: DEBUG 日志内容：userQV.getUser(): null]
2018-05-02 00:20:32,571 耗时：512496 [日志来自：jnshu.controller.UserController          日志类型: INFO  日志内容：LogInfo 测试]
2018-05-02 00:20:32,571 耗时：512496 [日志来自：jnshu.controller.UserController          日志类型: WARN  日志内容：Warn 测试]
2018-05-02 00:20:34,985 耗时：514910 [日志来自：jnshu.controller.UserController          日志类型: DEBUG 日志内容：userQV.getUserCustom(): null]
2018-05-02 00:20:34,985 耗时：514910 [日志来自：jnshu.controller.UserController          日志类型: DEBUG 日志内容：userQV.getUser(): null]
2018-05-02 00:20:34,985 耗时：514910 [日志来自：jnshu.controller.UserController          日志类型: INFO  日志内容：LogInfo 测试]
2018-05-02 00:20:34,985 耗时：514910 [日志来自：jnshu.controller.UserController          日志类型: WARN  日志内容：Warn 测试]
2018-05-02 00:20:48,019 耗时：527944 [日志来自：jnshu.controller.UserController          日志类型: DEBUG 日志内容：userQV.getUserCustom(): null]
2018-05-02 00:20:48,019 耗时：527944 [日志来自：jnshu.controller.UserController          日志类型: DEBUG 日志内容：userQV.getUser(): null]
2018-05-02 00:20:48,019 耗时：527944 [日志来自：jnshu.controller.UserController          日志类型: INFO  日志内容：LogInfo 测试]
2018-05-02 00:20:48,019 耗时：527944 [日志来自：jnshu.controller.UserController          日志类型: WARN  日志内容：Warn 测试]
2018-05-02 00:20:49,983 耗时：529908 [日志来自：jnshu.controller.UserController          日志类型: DEBUG 日志内容：userQV.getUserCustom(): null]
2018-05-02 00:20:49,984 耗时：529909 [日志来自：jnshu.controller.UserController          日志类型: DEBUG 日志内容：userQV.getUser(): null]
2018-05-02 00:20:49,984 耗时：529909 [日志来自：jnshu.controller.UserController          日志类型: INFO  日志内容：LogInfo 测试]
2018-05-02 00:20:49,984 耗时：529909 [日志来自：jnshu.controller.UserController          日志类型: WARN  日志内容：Warn 测试]
2018-05-02 00:20:55,070 耗时：534995 [日志来自：jnshu.controller.UserController          日志类型: DEBUG 日志内容：userQV.getUserCustom(): null]
2018-05-02 00:20:55,070 耗时：534995 [日志来自：jnshu.controller.UserController          日志类型: DEBUG 日志内容：userQV.getUser(): null]
2018-05-02 00:20:55,070 耗时：534995 [日志来自：jnshu.controller.UserController          日志类型: INFO  日志内容：LogInfo 测试]
2018-05-02 00:20:55,070 耗时：534995 [日志来自：jnshu.controller.UserController          日志类型: WARN  日志内容：Warn 测试]
2018-05-02 00:20:56,357 耗时：536282 [日志来自：jnshu.controller.UserController          日志类型: DEBUG 日志内容：userQV.getUserCustom(): null]
2018-05-02 00:20:56,358 耗时：536283 [日志来自：jnshu.controller.UserController          日志类型: DEBUG 日志内容：userQV.getUser(): null]
2018-05-02 00:20:56,358 耗时：536283 [日志来自：jnshu.controller.UserController          日志类型: INFO  日志内容：LogInfo 测试]
2018-05-02 00:20:56,358 耗时：536283 [日志来自：jnshu.controller.UserController          日志类型: WARN  日志内容：Warn 测试]
2018-05-02 19:43:16,331 耗时：1744603 [日志来自：jnshu.controller.UserController          日志类型: DEBUG 日志内容：userQV.getUserCustom(): null]
2018-05-02 19:43:16,332 耗时：1744604 [日志来自：jnshu.controller.UserController          日志类型: DEBUG 日志内容：userQV.getUser(): null]
2018-05-02 19:43:16,332 耗时：1744604 [日志来自：jnshu.controller.UserController          日志类型: INFO  日志内容：LogInfo 测试]
2018-05-02 19:43:16,332 耗时：1744604 [日志来自：jnshu.controller.UserController          日志类型: WARN  日志内容：Warn 测试]
2018-05-02 20:41:47,928 耗时：51247 [日志来自：jnshu.controller.UserController          日志类型: DEBUG 日志内容：userQV.getUserCustom(): null]
2018-05-02 20:41:47,928 耗时：51247 [日志来自：jnshu.controller.UserController          日志类型: DEBUG 日志内容：userQV.getUser(): null]
2018-05-02 20:41:47,928 耗时：51247 [日志来自：jnshu.controller.UserController          日志类型: INFO  日志内容：LogInfo 测试]
2018-05-02 20:41:47,928 耗时：51247 [日志来自：jnshu.controller.UserController          日志类型: WARN  日志内容：Warn 测试]
2018-05-02 20:41:52,204 耗时：55523 [日志来自：jnshu.controller.UserController          日志类型: DEBUG 日志内容：userCustom.toString(): User{id=39, username='王五', qq='1756513254', profession='JAVA', join_date=1523923870, school='武汉大学', online_id='3879', daily_url='www.google.com', declaration='sss', counselor='加油', create_time=1523923870, update_time=1523923870}]
2018-05-02 20:43:20,359 耗时：143678 [日志来自：jnshu.controller.UserController          日志类型: DEBUG 日志内容：updateSubmit 执行中,userCustom: User{id=null, username='null', qq='null', profession='null', join_date=null, school='null', online_id='null', daily_url='null', declaration='null', counselor='null', create_time=null, update_time=null}]
2018-05-02 20:43:20,359 耗时：143678 [日志来自：jnshu.controller.UserController          日志类型: DEBUG 日志内容：提交信息: User{id=null, username='null', qq='null', profession='null', join_date=null, school='null', online_id='null', daily_url='null', declaration='null', counselor='null', create_time=null, update_time=null}]
2018-05-02 20:43:24,108 耗时：147427 [日志来自：jnshu.controller.UserController          日志类型: DEBUG 日志内容：updateSubmit 执行中,userCustom: User{id=null, username='null', qq='null', profession='null', join_date=null, school='null', online_id='null', daily_url='null', declaration='null', counselor='null', create_time=null, update_time=null}]
2018-05-02 20:43:24,108 耗时：147427 [日志来自：jnshu.controller.UserController          日志类型: DEBUG 日志内容：提交信息: User{id=null, username='null', qq='null', profession='null', join_date=null, school='null', online_id='null', daily_url='null', declaration='null', counselor='null', create_time=null, update_time=null}]
2018-05-02 20:43:29,252 耗时：152571 [日志来自：jnshu.controller.UserController          日志类型: DEBUG 日志内容：userQV.getUserCustom(): null]
2018-05-02 20:43:29,252 耗时：152571 [日志来自：jnshu.controller.UserController          日志类型: DEBUG 日志内容：userQV.getUser(): null]
2018-05-02 20:43:29,253 耗时：152572 [日志来自：jnshu.controller.UserController          日志类型: INFO  日志内容：LogInfo 测试]
2018-05-02 20:43:29,253 耗时：152572 [日志来自：jnshu.controller.UserController          日志类型: WARN  日志内容：Warn 测试]
2018-05-02 20:46:58,558 耗时：361877 [日志来自：jnshu.controller.UserController          日志类型: DEBUG 日志内容：userQV.getUserCustom(): null]
2018-05-02 20:46:58,558 耗时：361877 [日志来自：jnshu.controller.UserController          日志类型: DEBUG 日志内容：userQV.getUser(): null]
2018-05-02 20:46:58,558 耗时：361877 [日志来自：jnshu.controller.UserController          日志类型: INFO  日志内容：LogInfo 测试]
2018-05-02 20:46:58,558 耗时：361877 [日志来自：jnshu.controller.UserController          日志类型: WARN  日志内容：Warn 测试]
2018-05-02 20:47:00,662 耗时：363981 [日志来自：jnshu.controller.UserController          日志类型: DEBUG 日志内容：userCustom.toString(): User{id=39, username='王五', qq='1756513254', profession='JAVA', join_date=1523923870, school='武汉大学', online_id='3879', daily_url='www.google.com', declaration='sss', counselor='加油', create_time=1523923870, update_time=1523923870}]
2018-05-02 20:47:10,770 耗时：374089 [日志来自：jnshu.controller.UserController          日志类型: DEBUG 日志内容：userCustom.toString(): User{id=39, username='王五', qq='1756513254', profession='JAVA', join_date=1523923870, school='武汉大学', online_id='3879', daily_url='www.google.com', declaration='sss', counselor='加油', create_time=1523923870, update_time=1523923870}]
2018-05-02 20:47:30,717 耗时：394036 [日志来自：jnshu.controller.UserController          日志类型: DEBUG 日志内容：userCustom.toString(): User{id=39, username='王五', qq='1756513254', profession='JAVA', join_date=1523923870, school='武汉大学', online_id='3879', daily_url='www.google.com', declaration='sss', counselor='加油', create_time=1523923870, update_time=1523923870}]
2018-05-02 20:52:10,215 耗时：59070 [日志来自：jnshu.controller.UserController          日志类型: DEBUG 日志内容：userQV.getUserCustom(): null]
2018-05-02 20:52:10,217 耗时：59072 [日志来自：jnshu.controller.UserController          日志类型: DEBUG 日志内容：userQV.getUser(): null]
2018-05-02 20:52:10,217 耗时：59072 [日志来自：jnshu.controller.UserController          日志类型: INFO  日志内容：LogInfo 测试]
2018-05-02 20:52:10,217 耗时：59072 [日志来自：jnshu.controller.UserController          日志类型: WARN  日志内容：Warn 测试]
2018-05-02 20:52:20,278 耗时：69133 [日志来自：jnshu.controller.UserController          日志类型: DEBUG 日志内容：userCustom.toString(): User{id=39, username='王五', qq='1756513254', profession='JAVA', join_date=1523923870, school='武汉大学', online_id='3879', daily_url='www.google.com', declaration='sss', counselor='加油', create_time=1523923870, update_time=1523923870}]
2018-05-02 20:53:47,700 耗时：156555 [日志来自：jnshu.controller.UserController          日志类型: DEBUG 日志内容：userCustom.toString(): User{id=39, username='王五', qq='1756513254', profession='JAVA', join_date=1523923870, school='武汉大学', online_id='3879', daily_url='www.google.com', declaration='sss', counselor='加油', create_time=1523923870, update_time=1523923870}]
2018-05-02 20:53:48,745 耗时：157600 [日志来自：jnshu.controller.UserController          日志类型: DEBUG 日志内容：userCustom.toString(): User{id=39, username='王五', qq='1756513254', profession='JAVA', join_date=1523923870, school='武汉大学', online_id='3879', daily_url='www.google.com', declaration='sss', counselor='加油', create_time=1523923870, update_time=1523923870}]
2018-05-02 20:53:56,208 耗时：165063 [日志来自：jnshu.controller.UserController          日志类型: DEBUG 日志内容：userCustom.toString(): User{id=48, username='一百遍', qq='1756513254', profession='java', join_date=1523954808, school='武汉大学', online_id='3879', daily_url='www.google.com', declaration='null', counselor='加油', create_time=1523954808, update_time=1523954808}]
2018-05-02 20:54:53,215 耗时：222070 [日志来自：jnshu.controller.UserController          日志类型: DEBUG 日志内容：updateSubmit 执行中,userCustom: User{id=null, username='null', qq='null', profession='null', join_date=null, school='null', online_id='null', daily_url='null', declaration='null', counselor='null', create_time=null, update_time=null}]
2018-05-02 20:54:53,215 耗时：222070 [日志来自：jnshu.controller.UserController          日志类型: DEBUG 日志内容：提交信息: User{id=null, username='null', qq='null', profession='null', join_date=null, school='null', online_id='null', daily_url='null', declaration='null', counselor='null', create_time=null, update_time=null}]
2018-05-02 20:54:58,897 耗时：227752 [日志来自：jnshu.controller.UserController          日志类型: DEBUG 日志内容：userQV.getUserCustom(): null]
2018-05-02 20:54:58,897 耗时：227752 [日志来自：jnshu.controller.UserController          日志类型: DEBUG 日志内容：userQV.getUser(): null]
2018-05-02 20:54:58,897 耗时：227752 [日志来自：jnshu.controller.UserController          日志类型: INFO  日志内容：LogInfo 测试]
2018-05-02 20:54:58,897 耗时：227752 [日志来自：jnshu.controller.UserController          日志类型: WARN  日志内容：Warn 测试]
2018-05-02 20:55:12,319 耗时：241174 [日志来自：jnshu.controller.UserController          日志类型: DEBUG 日志内容：userCustom.toString(): User{id=39, username='王五', qq='1756513254', profession='JAVA', join_date=1523923870, school='武汉大学', online_id='3879', daily_url='www.google.com', declaration='sss', counselor='加油', create_time=1523923870, update_time=1523923870}]
2018-05-02 20:55:27,577 耗时：256432 [日志来自：jnshu.controller.UserController          日志类型: DEBUG 日志内容：updateSubmit 执行中,userCustom: User{id=null, username='null', qq='null', profession='null', join_date=null, school='null', online_id='null', daily_url='null', declaration='null', counselor='null', create_time=null, update_time=null}]
2018-05-02 20:55:27,577 耗时：256432 [日志来自：jnshu.controller.UserController          日志类型: DEBUG 日志内容：提交信息: User{id=null, username='null', qq='null', profession='null', join_date=null, school='null', online_id='null', daily_url='null', declaration='null', counselor='null', create_time=null, update_time=null}]
2018-05-02 20:55:37,374 耗时：266229 [日志来自：jnshu.controller.UserController          日志类型: DEBUG 日志内容：updateSubmit 执行中,userCustom: User{id=null, username='null', qq='null', profession='null', join_date=null, school='null', online_id='null', daily_url='null', declaration='null', counselor='null', create_time=null, update_time=null}]
2018-05-02 20:55:37,374 耗时：266229 [日志来自：jnshu.controller.UserController          日志类型: DEBUG 日志内容：提交信息: User{id=null, username='null', qq='null', profession='null', join_date=null, school='null', online_id='null', daily_url='null', declaration='null', counselor='null', create_time=null, update_time=null}]
2018-05-02 20:56:59,955 耗时：21239 [日志来自：jnshu.controller.UserController          日志类型: DEBUG 日志内容：userQV.getUserCustom(): null]
2018-05-02 20:56:59,956 耗时：21240 [日志来自：jnshu.controller.UserController          日志类型: DEBUG 日志内容：userQV.getUser(): null]
2018-05-02 20:56:59,956 耗时：21240 [日志来自：jnshu.controller.UserController          日志类型: INFO  日志内容：LogInfo 测试]
2018-05-02 20:56:59,956 耗时：21240 [日志来自：jnshu.controller.UserController          日志类型: WARN  日志内容：Warn 测试]
2018-05-02 20:57:02,853 耗时：24137 [日志来自：jnshu.controller.UserController          日志类型: DEBUG 日志内容：userCustom.toString(): User{id=41, username='王五', qq='1756513254', profession='UI', join_date=1523923993, school='武汉大学', online_id='3879', daily_url='www.google.com', declaration='null', counselor='加油', create_time=1523923993, update_time=1523923993}]
2018-05-02 20:58:33,258 耗时：114542 [日志来自：jnshu.controller.UserController          日志类型: DEBUG 日志内容：userCustom.toString(): User{id=41, username='王五', qq='1756513254', profession='UI', join_date=1523923993, school='武汉大学', online_id='3879', daily_url='www.google.com', declaration='null', counselor='加油', create_time=1523923993, update_time=1523923993}]
2018-05-02 20:58:49,897 耗时：131181 [日志来自：jnshu.controller.UserController          日志类型: DEBUG 日志内容：userCustom.toString(): User{id=41, username='王五', qq='1756513254', profession='UI', join_date=1523923993, school='武汉大学', online_id='3879', daily_url='www.google.com', declaration='null', counselor='加油', create_time=1523923993, update_time=1523923993}]
2018-05-02 20:58:54,801 耗时：136085 [日志来自：jnshu.controller.UserController          日志类型: DEBUG 日志内容：userCustom.toString(): User{id=41, username='王五', qq='1756513254', profession='UI', join_date=1523923993, school='武汉大学', online_id='3879', daily_url='www.google.com', declaration='null', counselor='加油', create_time=1523923993, update_time=1523923993}]
2018-05-02 20:59:33,892 耗时：175176 [日志来自：jnshu.controller.UserController          日志类型: DEBUG 日志内容：userCustom.toString(): User{id=41, username='王五', qq='1756513254', profession='UI', join_date=1523923993, school='武汉大学', online_id='3879', daily_url='www.google.com', declaration='null', counselor='加油', create_time=1523923993, update_time=1523923993}]
2018-05-02 20:59:48,524 耗时：189808 [日志来自：jnshu.controller.UserController          日志类型: DEBUG 日志内容：userCustom.toString(): User{id=41, username='王五', qq='1756513254', profession='UI', join_date=1523923993, school='武汉大学', online_id='3879', daily_url='www.google.com', declaration='null', counselor='加油', create_time=1523923993, update_time=1523923993}]
2018-05-02 21:00:19,643 耗时：220927 [日志来自：jnshu.controller.UserController          日志类型: DEBUG 日志内容：userCustom.toString(): User{id=41, username='王五', qq='1756513254', profession='UI', join_date=1523923993, school='武汉大学', online_id='3879', daily_url='www.google.com', declaration='null', counselor='加油', create_time=1523923993, update_time=1523923993}]
2018-05-02 21:00:31,342 耗时：232626 [日志来自：jnshu.controller.UserController          日志类型: DEBUG 日志内容：userQV.getUserCustom(): null]
2018-05-02 21:00:31,342 耗时：232626 [日志来自：jnshu.controller.UserController          日志类型: DEBUG 日志内容：userQV.getUser(): null]
2018-05-02 21:00:31,342 耗时：232626 [日志来自：jnshu.controller.UserController          日志类型: INFO  日志内容：LogInfo 测试]
2018-05-02 21:00:31,342 耗时：232626 [日志来自：jnshu.controller.UserController          日志类型: WARN  日志内容：Warn 测试]
2018-05-02 21:00:36,926 耗时：238210 [日志来自：jnshu.controller.UserController          日志类型: DEBUG 日志内容：userCustom.toString(): User{id=41, username='王五', qq='1756513254', profession='UI', join_date=1523923993, school='武汉大学', online_id='3879', daily_url='www.google.com', declaration='null', counselor='加油', create_time=1523923993, update_time=1523923993}]
2018-05-02 21:03:07,634 耗时：18583 [日志来自：jnshu.controller.UserController          日志类型: DEBUG 日志内容：userQV.getUserCustom(): null]
2018-05-02 21:03:07,635 耗时：18584 [日志来自：jnshu.controller.UserController          日志类型: DEBUG 日志内容：userQV.getUser(): null]
2018-05-02 21:03:07,635 耗时：18584 [日志来自：jnshu.controller.UserController          日志类型: INFO  日志内容：LogInfo 测试]
2018-05-02 21:03:07,635 耗时：18584 [日志来自：jnshu.controller.UserController          日志类型: WARN  日志内容：Warn 测试]
2018-05-02 21:03:10,347 耗时：21296 [日志来自：jnshu.controller.UserController          日志类型: DEBUG 日志内容：userCustom.toString(): User{id=41, username='王五', qq='1756513254', profession='UI', join_date=1523923993, school='武汉大学', online_id='3879', daily_url='www.google.com', declaration='null', counselor='加油', create_time=1523923993, update_time=1523923993}]
2018-05-02 21:03:21,742 耗时：32691 [日志来自：jnshu.controller.UserController          日志类型: DEBUG 日志内容：updateSubmit 执行中,userCustom: User{id=41, username='王五', qq='1756513254', profession='UI', join_date=1523923993, school='武汉大学', online_id='3879', daily_url='www.google.com', declaration='', counselor='加油', create_time=1523923993, update_time=1523923993}]
2018-05-02 21:03:21,742 耗时：32691 [日志来自：jnshu.controller.UserController          日志类型: DEBUG 日志内容：提交信息: User{id=41, username='王五', qq='1756513254', profession='UI', join_date=1523923993, school='武汉大学', online_id='3879', daily_url='www.google.com', declaration='', counselor='加油', create_time=1523923993, update_time=1523923993}]
2018-05-02 21:03:21,761 耗时：32710 [日志来自：jnshu.controller.UserController          日志类型: INFO  日志内容：更新成功: User{id=41, username='王五', qq='1756513254', profession='UI', join_date=1523923993, school='武汉大学', online_id='3879', daily_url='www.google.com', declaration='', counselor='加油', create_time=1523923993, update_time=1523923993}]
2018-05-02 21:03:21,781 耗时：32730 [日志来自：jnshu.controller.UserController          日志类型: DEBUG 日志内容：userQV.getUserCustom(): null]
2018-05-02 21:03:21,781 耗时：32730 [日志来自：jnshu.controller.UserController          日志类型: DEBUG 日志内容：userQV.getUser(): null]
2018-05-02 21:03:21,781 耗时：32730 [日志来自：jnshu.controller.UserController          日志类型: INFO  日志内容：LogInfo 测试]
2018-05-02 21:03:21,781 耗时：32730 [日志来自：jnshu.controller.UserController          日志类型: WARN  日志内容：Warn 测试]
2018-05-02 21:05:26,054 耗时：157003 [日志来自：jnshu.controller.UserController          日志类型: DEBUG 日志内容：userQV.getUserCustom(): null]
2018-05-02 21:05:26,054 耗时：157003 [日志来自：jnshu.controller.UserController          日志类型: DEBUG 日志内容：userQV.getUser(): null]
2018-05-02 21:05:26,054 耗时：157003 [日志来自：jnshu.controller.UserController          日志类型: INFO  日志内容：LogInfo 测试]
2018-05-02 21:05:26,054 耗时：157003 [日志来自：jnshu.controller.UserController          日志类型: WARN  日志内容：Warn 测试]
2018-05-02 21:05:28,125 耗时：159074 [日志来自：jnshu.controller.UserController          日志类型: DEBUG 日志内容：userCustom.toString(): User{id=41, username='王五', qq='1756513254', profession='UI', join_date=1523923993, school='武汉大学', online_id='3879', daily_url='www.google.com', declaration='null', counselor='加油', create_time=1523923993, update_time=1523923993}]
2018-05-02 21:05:46,710 耗时：177659 [日志来自：jnshu.controller.UserController          日志类型: DEBUG 日志内容：updateSubmit 执行中,userCustom: User{id=41, username='王五', qq='1756513254', profession='UI', join_date=1523923993, school='武汉大学', online_id='3879', daily_url='www.google.com', declaration='', counselor='加油', create_time=1523923993, update_time=1523923993}]
2018-05-02 21:05:46,710 耗时：177659 [日志来自：jnshu.controller.UserController          日志类型: DEBUG 日志内容：提交信息: User{id=41, username='王五', qq='1756513254', profession='UI', join_date=1523923993, school='武汉大学', online_id='3879', daily_url='www.google.com', declaration='', counselor='加油', create_time=1523923993, update_time=1523923993}]
2018-05-02 21:05:46,723 耗时：177672 [日志来自：jnshu.controller.UserController          日志类型: INFO  日志内容：更新成功: User{id=41, username='王五', qq='1756513254', profession='UI', join_date=1523923993, school='武汉大学', online_id='3879', daily_url='www.google.com', declaration='', counselor='加油', create_time=1523923993, update_time=1523923993}]
2018-05-02 21:05:46,736 耗时：177685 [日志来自：jnshu.controller.UserController          日志类型: DEBUG 日志内容：userQV.getUserCustom(): null]
2018-05-02 21:05:46,736 耗时：177685 [日志来自：jnshu.controller.UserController          日志类型: DEBUG 日志内容：userQV.getUser(): null]
2018-05-02 21:05:46,737 耗时：177686 [日志来自：jnshu.controller.UserController          日志类型: INFO  日志内容：LogInfo 测试]
2018-05-02 21:05:46,737 耗时：177686 [日志来自：jnshu.controller.UserController          日志类型: WARN  日志内容：Warn 测试]
2018-05-02 21:05:56,303 耗时：187252 [日志来自：jnshu.controller.UserController          日志类型: DEBUG 日志内容：userCustom.toString(): User{id=42, username='王五', qq='1756513254', profession='UI', join_date=1523924403, school='武汉大学', online_id='3879', daily_url='www.google.com', declaration='null', counselor='加油', create_time=1523924403, update_time=1523924403}]
2018-05-02 21:06:07,219 耗时：198168 [日志来自：jnshu.controller.UserController          日志类型: DEBUG 日志内容：updateSubmit 执行中,userCustom: User{id=42, username='王五', qq='1756513254', profession='UI', join_date=1523924403, school='武汉大学', online_id='3879', daily_url='www.google.com', declaration='', counselor='加油', create_time=1523924403, update_time=1523924403}]
2018-05-02 21:06:07,219 耗时：198168 [日志来自：jnshu.controller.UserController          日志类型: DEBUG 日志内容：提交信息: User{id=42, username='王五', qq='1756513254', profession='UI', join_date=1523924403, school='武汉大学', online_id='3879', daily_url='www.google.com', declaration='', counselor='加油', create_time=1523924403, update_time=1523924403}]
2018-05-02 21:06:07,230 耗时：198179 [日志来自：jnshu.controller.UserController          日志类型: INFO  日志内容：更新成功: User{id=42, username='王五', qq='1756513254', profession='UI', join_date=1523924403, school='武汉大学', online_id='3879', daily_url='www.google.com', declaration='', counselor='加油', create_time=1523924403, update_time=1523924403}]
2018-05-02 21:06:07,245 耗时：198194 [日志来自：jnshu.controller.UserController          日志类型: DEBUG 日志内容：userQV.getUserCustom(): null]
2018-05-02 21:06:07,245 耗时：198194 [日志来自：jnshu.controller.UserController          日志类型: DEBUG 日志内容：userQV.getUser(): null]
2018-05-02 21:06:07,245 耗时：198194 [日志来自：jnshu.controller.UserController          日志类型: INFO  日志内容：LogInfo 测试]
2018-05-02 21:06:07,245 耗时：198194 [日志来自：jnshu.controller.UserController          日志类型: WARN  日志内容：Warn 测试]
2018-05-02 21:09:30,266 耗时：17223 [日志来自：jnshu.controller.UserController          日志类型: DEBUG 日志内容：userQV.getUserCustom(): null]
2018-05-02 21:09:30,266 耗时：17223 [日志来自：jnshu.controller.UserController          日志类型: DEBUG 日志内容：userQV.getUser(): null]
2018-05-02 21:09:30,266 耗时：17223 [日志来自：jnshu.controller.UserController          日志类型: INFO  日志内容：LogInfo 测试]
2018-05-02 21:09:30,266 耗时：17223 [日志来自：jnshu.controller.UserController          日志类型: WARN  日志内容：Warn 测试]
2018-05-02 21:09:33,390 耗时：20347 [日志来自：jnshu.controller.UserController          日志类型: DEBUG 日志内容：userCustom.toString(): User{id=44, username='一百遍', qq='1756513254', profession='java', join_date=1523946566, school='武汉大学', online_id='3879', daily_url='www.google.com', declaration='null', counselor='加油', create_time=1523946566, update_time=1523946566}]
2018-05-02 21:12:03,977 耗时：18664 [日志来自：jnshu.controller.UserController          日志类型: DEBUG 日志内容：userQV.getUserCustom(): null]
2018-05-02 21:12:03,978 耗时：18665 [日志来自：jnshu.controller.UserController          日志类型: DEBUG 日志内容：userQV.getUser(): null]
2018-05-02 21:12:03,978 耗时：18665 [日志来自：jnshu.controller.UserController          日志类型: INFO  日志内容：LogInfo 测试]
2018-05-02 21:12:03,978 耗时：18665 [日志来自：jnshu.controller.UserController          日志类型: WARN  日志内容：Warn 测试]
2018-05-02 21:12:06,827 耗时：21514 [日志来自：jnshu.controller.UserController          日志类型: DEBUG 日志内容：userCustom.toString(): User{id=45, username='王五', qq='1756513254', profession='java', join_date=1523975628, school='武汉大学', online_id='3879', daily_url='www.google.com', declaration='null', counselor='加油', create_time=1523954066, update_time=1523954066}]
2018-05-02 21:21:17,357 耗时：19088 [日志来自：jnshu.controller.UserController          日志类型: DEBUG 日志内容：userQV.getUserCustom(): null]
2018-05-02 21:21:17,358 耗时：19089 [日志来自：jnshu.controller.UserController          日志类型: DEBUG 日志内容：userQV.getUser(): null]
2018-05-02 21:21:17,358 耗时：19089 [日志来自：jnshu.controller.UserController          日志类型: INFO  日志内容：LogInfo 测试]
2018-05-02 21:21:17,358 耗时：19089 [日志来自：jnshu.controller.UserController          日志类型: WARN  日志内容：Warn 测试]
2018-05-02 21:21:20,057 耗时：21788 [日志来自：jnshu.controller.UserController          日志类型: DEBUG 日志内容：userCustom.toString(): User{id=39, username='王五', qq='1756513254', profession='JAVA', join_date=1523923870, school='武汉大学', online_id='3879', daily_url='www.google.com', declaration='sss', counselor='加油', create_time=1523923870, update_time=1523923870}]
2018-05-02 21:21:53,827 耗时：55558 [日志来自：jnshu.controller.UserController          日志类型: DEBUG 日志内容：userCustom.toString(): User{id=39, username='王五', qq='1756513254', profession='JAVA', join_date=1523923870, school='武汉大学', online_id='3879', daily_url='www.google.com', declaration='sss', counselor='加油', create_time=1523923870, update_time=1523923870}]
2018-05-02 21:22:10,320 耗时：72051 [日志来自：jnshu.controller.UserController          日志类型: DEBUG 日志内容：提交信息: User{id=39, username='王五', qq='1756513254', profession='JAVA', join_date=1523923870, school='武汉大学', online_id='3879', daily_url='www.google.com', declaration='sss', counselor='加油', create_time=1523923870, update_time=1523923870}]
2018-05-02 21:22:10,345 耗时：72076 [日志来自：jnshu.controller.UserController          日志类型: INFO  日志内容：更新成功: User{id=39, username='王五', qq='1756513254', profession='JAVA', join_date=1523923870, school='武汉大学', online_id='3879', daily_url='www.google.com', declaration='sss', counselor='加油', create_time=1523923870, update_time=1523923870}]
2018-05-02 21:22:10,443 耗时：72174 [日志来自：jnshu.controller.UserController          日志类型: DEBUG 日志内容：userQV.getUserCustom(): null]
2018-05-02 21:22:10,443 耗时：72174 [日志来自：jnshu.controller.UserController          日志类型: DEBUG 日志内容：userQV.getUser(): null]
2018-05-02 21:22:10,443 耗时：72174 [日志来自：jnshu.controller.UserController          日志类型: INFO  日志内容：LogInfo 测试]
2018-05-02 21:22:10,443 耗时：72174 [日志来自：jnshu.controller.UserController          日志类型: WARN  日志内容：Warn 测试]
2018-05-02 22:15:17,217 耗时：72449 [日志来自：jnshu.controller.UserController          日志类型: DEBUG 日志内容：userQV.getUserCustom(): null]
2018-05-02 22:15:17,218 耗时：72450 [日志来自：jnshu.controller.UserController          日志类型: DEBUG 日志内容：userQV.getUser(): null]
2018-05-02 22:15:17,218 耗时：72450 [日志来自：jnshu.controller.UserController          日志类型: INFO  日志内容：LogInfo 测试]
2018-05-02 22:15:17,218 耗时：72450 [日志来自：jnshu.controller.UserController          日志类型: WARN  日志内容：Warn 测试]
2018-05-02 22:15:20,111 耗时：75343 [日志来自：jnshu.controller.UserController          日志类型: DEBUG 日志内容：userCustom.toString(): User{id=42, username='王五', qq='1756513254', profession='UI', join_date=1523924403, school='武汉大学', online_id='3879', daily_url='www.google.com', declaration='null', counselor='加油', create_time=1523924403, update_time=1523924403}]
2018-05-02 22:17:00,756 耗时：28958 [日志来自：jnshu.controller.UserController          日志类型: DEBUG 日志内容：userQV.getUserCustom(): null]
2018-05-02 22:17:00,756 耗时：28958 [日志来自：jnshu.controller.UserController          日志类型: DEBUG 日志内容：userQV.getUser(): null]
2018-05-02 22:17:00,757 耗时：28959 [日志来自：jnshu.controller.UserController          日志类型: INFO  日志内容：LogInfo 测试]
2018-05-02 22:17:00,757 耗时：28959 [日志来自：jnshu.controller.UserController          日志类型: WARN  日志内容：Warn 测试]
2018-05-02 22:17:03,719 耗时：31921 [日志来自：jnshu.controller.UserController          日志类型: DEBUG 日志内容：userCustom.toString(): User{id=42, username='王五', qq='1756513254', profession='UI', join_date=1523924403, school='武汉大学', online_id='3879', daily_url='www.google.com', declaration='null', counselor='加油', create_time=1523924403, update_time=1523924403}]
2018-05-02 22:17:37,478 耗时：65680 [日志来自：jnshu.controller.UserController          日志类型: DEBUG 日志内容：提交信息: User{id=null, username='null', qq='null', profession='null', join_date=null, school='null', online_id='null', daily_url='null', declaration='null', counselor='null', create_time=null, update_time=null}]
2018-05-02 22:19:40,367 耗时：38761 [日志来自：jnshu.controller.UserController          日志类型: DEBUG 日志内容：userQV.getUserCustom(): null]
2018-05-02 22:19:40,368 耗时：38762 [日志来自：jnshu.controller.UserController          日志类型: DEBUG 日志内容：userQV.getUser(): null]
2018-05-02 22:19:40,368 耗时：38762 [日志来自：jnshu.controller.UserController          日志类型: INFO  日志内容：LogInfo 测试]
2018-05-02 22:19:40,368 耗时：38762 [日志来自：jnshu.controller.UserController          日志类型: WARN  日志内容：Warn 测试]
2018-05-02 22:19:43,653 耗时：42047 [日志来自：jnshu.controller.UserController          日志类型: DEBUG 日志内容：userCustom.toString(): User{id=45, username='王五', qq='1756513254', profession='java', join_date=1523975628, school='武汉大学', online_id='3879', daily_url='www.google.com', declaration='null', counselor='加油', create_time=1523954066, update_time=1523954066}]
2018-05-02 22:19:54,554 耗时：52948 [日志来自：jnshu.controller.UserController          日志类型: ERROR 日志内容：请输入正确的修真类型 UI,JAVA,WEB]
2018-05-02 22:19:54,571 耗时：52965 [日志来自：jnshu.controller.UserController          日志类型: DEBUG 日志内容：userCustom.toString(): User{id=45, username='王五', qq='1756513254', profession='java', join_date=1523975628, school='武汉大学', online_id='3879', daily_url='www.google.com', declaration='null', counselor='加油', create_time=1523954066, update_time=1523954066}]
2018-05-02 22:19:58,787 耗时：57181 [日志来自：jnshu.controller.UserController          日志类型: DEBUG 日志内容：提交信息: User{id=45, username='王五', qq='1756513254', profession='JAVA', join_date=1523975628, school='武汉大学', online_id='3879', daily_url='www.google.com', declaration='', counselor='加油', create_time=1523954066, update_time=1523954066}]
2018-05-02 22:19:58,815 耗时：57209 [日志来自：jnshu.controller.UserController          日志类型: INFO  日志内容：更新成功: User{id=45, username='王五', qq='1756513254', profession='JAVA', join_date=1523975628, school='武汉大学', online_id='3879', daily_url='www.google.com', declaration='', counselor='加油', create_time=1523954066, update_time=1523954066}]
2018-05-02 22:19:58,827 耗时：57221 [日志来自：jnshu.controller.UserController          日志类型: DEBUG 日志内容：userQV.getUserCustom(): null]
2018-05-02 22:19:58,827 耗时：57221 [日志来自：jnshu.controller.UserController          日志类型: DEBUG 日志内容：userQV.getUser(): null]
2018-05-02 22:19:58,827 耗时：57221 [日志来自：jnshu.controller.UserController          日志类型: INFO  日志内容：LogInfo 测试]
2018-05-02 22:19:58,827 耗时：57221 [日志来自：jnshu.controller.UserController          日志类型: WARN  日志内容：Warn 测试]
