2018-04-30 23:14:59,661 耗时：0 [日志来自：web.context.ContextLoader                日志类型: INFO  日志内容：Root WebApplicationContext: initialization started]
2018-04-30 23:14:59,951 耗时：290 [日志来自：context.support.XmlWebApplicationContext 日志类型: INFO  日志内容：Refreshing Root WebApplicationContext: startup date [Mon Apr 30 23:14:59 CST 2018]; root of context hierarchy]
2018-04-30 23:15:00,052 耗时：391 [日志来自：factory.xml.XmlBeanDefinitionReader      日志类型: INFO  日志内容：Loading XML bean definitions from ServletContext resource [/WEB-INF/config/spring/applicationContext-dao.xml]]
2018-04-30 23:15:00,304 耗时：643 [日志来自：factory.xml.XmlBeanDefinitionReader      日志类型: INFO  日志内容：Loading XML bean definitions from ServletContext resource [/WEB-INF/config/spring/applicationContext-service.xml]]
2018-04-30 23:15:00,702 耗时：1041 [日志来自：ort.PropertySourcesPlaceholderConfigurer 日志类型: INFO  日志内容：Loading properties file from ServletContext resource [/WEB-INF/config/other/db.properties]]
2018-04-30 23:15:00,754 耗时：1093 [日志来自：ion.AutowiredAnnotationBeanPostProcessor 日志类型: INFO  日志内容：JSR-330 'javax.inject.Inject' annotation found and supported for autowiring]
2018-04-30 23:15:01,656 耗时：1995 [日志来自：web.context.ContextLoader                日志类型: INFO  日志内容：Root WebApplicationContext: initialization completed in 1993 ms]
2018-04-30 23:15:01,882 耗时：2221 [日志来自：web.servlet.DispatcherServlet            日志类型: INFO  日志内容：FrameworkServlet 'springmvc_rest': initialization started]
2018-04-30 23:15:01,889 耗时：2228 [日志来自：context.support.XmlWebApplicationContext 日志类型: INFO  日志内容：Refreshing WebApplicationContext for namespace 'springmvc_rest-servlet': startup date [Mon Apr 30 23:15:01 CST 2018]; parent: Root WebApplicationContext]
2018-04-30 23:15:01,891 耗时：2230 [日志来自：factory.xml.XmlBeanDefinitionReader      日志类型: INFO  日志内容：Loading XML bean definitions from ServletContext resource [/WEB-INF/config/spring/spring-mvc.xml]]
2018-04-30 23:15:02,562 耗时：2901 [日志来自：ion.AutowiredAnnotationBeanPostProcessor 日志类型: INFO  日志内容：JSR-330 'javax.inject.Inject' annotation found and supported for autowiring]
2018-04-30 23:15:02,980 耗时：3319 [日志来自：.annotation.RequestMappingHandlerMapping 日志类型: INFO  日志内容：Mapped "{[/]}" onto public java.lang.String com.jnshu.controller.UserController.test()]
2018-04-30 23:15:02,982 耗时：3321 [日志来自：.annotation.RequestMappingHandlerMapping 日志类型: INFO  日志内容：Mapped "{[/userEdit.action]}" onto public java.lang.String com.jnshu.controller.UserController.userEdit(org.springframework.ui.Model,java.lang.Integer) throws java.lang.Exception]
2018-04-30 23:15:02,983 耗时：3322 [日志来自：.annotation.RequestMappingHandlerMapping 日志类型: INFO  日志内容：Mapped "{[/userList.action]}" onto public java.lang.String com.jnshu.controller.UserController.UserList(org.springframework.ui.Model,com.jnshu.model.UserQV) throws java.lang.Exception]
2018-04-30 23:15:02,983 耗时：3322 [日志来自：.annotation.RequestMappingHandlerMapping 日志类型: INFO  日志内容：Mapped "{[/userEditSubmit.action]}" onto public java.lang.String com.jnshu.controller.UserController.userEditSubmit(org.springframework.ui.Model,com.jnshu.model.UserCustom,org.springframework.validation.BindingResult,java.lang.Integer) throws java.lang.Exception]
2018-04-30 23:15:02,983 耗时：3322 [日志来自：.annotation.RequestMappingHandlerMapping 日志类型: INFO  日志内容：Mapped "{[/userDelete.action]}" onto public java.lang.String com.jnshu.controller.UserController.userDelete(org.springframework.ui.Model,java.lang.Integer) throws java.lang.Exception]
2018-04-30 23:15:02,984 耗时：3323 [日志来自：.annotation.RequestMappingHandlerMapping 日志类型: INFO  日志内容：Mapped "{[/userAdd.action]}" onto public java.lang.String com.jnshu.controller.UserController.userAdd(org.springframework.ui.Model,com.jnshu.model.User,org.springframework.validation.BindingResult) throws java.lang.Exception]
2018-04-30 23:15:03,003 耗时：3342 [日志来自：.annotation.RequestMappingHandlerMapping 日志类型: INFO  日志内容：Mapped "{[/rest/edit/{id}],methods=[GET || POST]}" onto public java.lang.String com.jnshu.controller.UserControllerREST.update(java.lang.Integer,org.springframework.ui.Model) throws java.lang.Exception]
2018-04-30 23:15:03,003 耗时：3342 [日志来自：.annotation.RequestMappingHandlerMapping 日志类型: INFO  日志内容：Mapped "{[/rest/edit/update/{id}],methods=[POST]}" onto public java.lang.String com.jnshu.controller.UserControllerREST.update(org.springframework.ui.Model,java.lang.Integer,com.jnshu.model.UserCustom,org.springframework.validation.BindingResult) throws java.lang.Exception]
2018-04-30 23:15:03,004 耗时：3343 [日志来自：.annotation.RequestMappingHandlerMapping 日志类型: INFO  日志内容：Mapped "{[/rest/list]}" onto public java.lang.String com.jnshu.controller.UserControllerREST.list(org.springframework.ui.Model,com.jnshu.model.UserQV) throws java.lang.Exception]
2018-04-30 23:15:03,005 耗时：3344 [日志来自：.annotation.RequestMappingHandlerMapping 日志类型: INFO  日志内容：Mapped "{[/rest/]}" onto public java.lang.String com.jnshu.controller.UserControllerREST.test()]
2018-04-30 23:15:03,005 耗时：3344 [日志来自：.annotation.RequestMappingHandlerMapping 日志类型: INFO  日志内容：Mapped "{[/rest/success]}" onto public org.springframework.web.servlet.ModelAndView com.jnshu.controller.UserControllerREST.success()]
2018-04-30 23:15:03,006 耗时：3345 [日志来自：.annotation.RequestMappingHandlerMapping 日志类型: INFO  日志内容：Mapped "{[/rest/api/update/key/{id}],methods=[POST],produces=[application/text;charset=utf-8]}" onto public java.lang.String com.jnshu.controller.UserControllerREST.updateKey(int,com.jnshu.model.UserCustom,org.springframework.validation.BindingResult) throws java.lang.Exception]
2018-04-30 23:15:03,006 耗时：3345 [日志来自：.annotation.RequestMappingHandlerMapping 日志类型: INFO  日志内容：Mapped "{[/rest/add],methods=[PUT]}" onto public java.lang.String com.jnshu.controller.UserControllerREST.addUser(org.springframework.ui.Model,com.jnshu.model.UserCustom,org.springframework.validation.BindingResult) throws java.lang.Exception]
2018-04-30 23:15:03,007 耗时：3346 [日志来自：.annotation.RequestMappingHandlerMapping 日志类型: INFO  日志内容：Mapped "{[/rest/json]}" onto public java.lang.String com.jnshu.controller.UserControllerREST.getJson(org.springframework.ui.Model) throws java.lang.Exception]
2018-04-30 23:15:03,007 耗时：3346 [日志来自：.annotation.RequestMappingHandlerMapping 日志类型: INFO  日志内容：Mapped "{[/rest/api/search/key],methods=[POST]}" onto public java.util.List<com.jnshu.model.UserCustom> com.jnshu.controller.UserControllerREST.searchUserKey(com.jnshu.model.UserQV) throws java.lang.Exception]
2018-04-30 23:15:03,009 耗时：3348 [日志来自：.annotation.RequestMappingHandlerMapping 日志类型: INFO  日志内容：Mapped "{[/rest/api/userQv/{id}],methods=[GET]}" onto public com.jnshu.model.UserQV com.jnshu.controller.UserControllerREST.getUserQv(java.lang.Integer) throws java.lang.Exception]
2018-04-30 23:15:03,009 耗时：3348 [日志来自：.annotation.RequestMappingHandlerMapping 日志类型: INFO  日志内容：Mapped "{[/rest/api/insert/key],methods=[PUT],produces=[application/text;charset=utf-8]}" onto public java.lang.String com.jnshu.controller.UserControllerREST.insertKey(com.jnshu.model.UserCustom,org.springframework.validation.BindingResult) throws java.lang.Exception]
2018-04-30 23:15:03,010 耗时：3349 [日志来自：.annotation.RequestMappingHandlerMapping 日志类型: INFO  日志内容：Mapped "{[/rest/api/{id}],methods=[GET]}" onto public com.jnshu.model.UserCustom com.jnshu.controller.UserControllerREST.jsonUser(int) throws java.lang.Exception]
2018-04-30 23:15:03,011 耗时：3350 [日志来自：.annotation.RequestMappingHandlerMapping 日志类型: INFO  日志内容：Mapped "{[/rest/api/list],methods=[GET]}" onto public java.util.List<com.jnshu.model.UserCustom> com.jnshu.controller.UserControllerREST.jsonList() throws java.lang.Exception]
2018-04-30 23:15:03,011 耗时：3350 [日志来自：.annotation.RequestMappingHandlerMapping 日志类型: INFO  日志内容：Mapped "{[/rest/api/delete/{id}],methods=[DELETE]}" onto public boolean com.jnshu.controller.UserControllerREST.testDELETE(int) throws java.lang.Exception]
2018-04-30 23:15:03,012 耗时：3351 [日志来自：.annotation.RequestMappingHandlerMapping 日志类型: INFO  日志内容：Mapped "{[/rest/api/search/],methods=[POST]}" onto public java.util.List<com.jnshu.model.UserCustom> com.jnshu.controller.UserControllerREST.searchUser(com.jnshu.model.UserQV) throws java.lang.Exception]
2018-04-30 23:15:03,012 耗时：3351 [日志来自：.annotation.RequestMappingHandlerMapping 日志类型: INFO  日志内容：Mapped "{[/rest/api/update/{id}],methods=[POST],produces=[application/text;charset=utf-8]}" onto public java.lang.String com.jnshu.controller.UserControllerREST.updaJson(int,com.jnshu.model.UserCustom,org.springframework.validation.BindingResult) throws java.lang.Exception]
2018-04-30 23:15:03,013 耗时：3352 [日志来自：.annotation.RequestMappingHandlerMapping 日志类型: INFO  日志内容：Mapped "{[/rest/api/insert],methods=[PUT],produces=[application/text;charset=utf-8]}" onto public java.lang.String com.jnshu.controller.UserControllerREST.insertJson(com.jnshu.model.UserCustom,org.springframework.validation.BindingResult) throws java.lang.Exception]
2018-04-30 23:15:03,013 耗时：3352 [日志来自：.annotation.RequestMappingHandlerMapping 日志类型: INFO  日志内容：Mapped "{[/rest/{id}],methods=[DELETE]}" onto public boolean com.jnshu.controller.UserControllerREST.deleteUser(java.lang.Integer) throws java.lang.Exception]
2018-04-30 23:15:03,851 耗时：4190 [日志来自：internal.util.Version                    日志类型: INFO  日志内容：HV000001: Hibernate Validator 5.2.0.Final]
2018-04-30 23:15:04,234 耗时：4573 [日志来自：.annotation.RequestMappingHandlerAdapter 日志类型: INFO  日志内容：Looking for @ControllerAdvice: WebApplicationContext for namespace 'springmvc_rest-servlet': startup date [Mon Apr 30 23:15:01 CST 2018]; parent: Root WebApplicationContext]
2018-04-30 23:15:04,313 耗时：4652 [日志来自：.annotation.RequestMappingHandlerAdapter 日志类型: INFO  日志内容：Looking for @ControllerAdvice: WebApplicationContext for namespace 'springmvc_rest-servlet': startup date [Mon Apr 30 23:15:01 CST 2018]; parent: Root WebApplicationContext]
2018-04-30 23:15:04,472 耗时：4811 [日志来自：servlet.handler.SimpleUrlHandlerMapping  日志类型: INFO  日志内容：Mapped URL path [/js/**] onto handler 'org.springframework.web.servlet.resource.ResourceHttpRequestHandler#0']
2018-04-30 23:15:04,562 耗时：4901 [日志来自：web.servlet.DispatcherServlet            日志类型: INFO  日志内容：FrameworkServlet 'springmvc_rest': initialization completed in 2680 ms]
